<?xml version="1.0" encoding="UTF-8"?>
<testsuites>
  <testsuite name="testsuite-a" timestamp="2020-04-18T20:00:00.000Z" tests="3" time="10.500" errors="0" failures="0" skipped="0">
    <testcase name="test case the first" classname="foo.bar.baz-test" time="3.000"/>
    <testcase name="test case the second" classname="foo.bar.baz-test" time="4.000"/>
    <testcase name="test case the third" classname="foo.bar.baz-test" time="3.500"/>
  </testsuite>
  <testsuite name="testsuite-b" timestamp="2020-04-18T20:00:15.000Z" tests="5" time="20.000" errors="0" failures="1" skipped="2">
    <testcase name="first test case" classname="bar.baz.foo-test" time="5.000"/>
    <testcase name="second test case" classname="bar.baz.foo-test" time="5.000"/>
    <testcase name="third test case" classname="bar.baz.foo-test" time="8.000">
      <failure message="1 assertions (1 fail)"/>
    </testcase>
    <testcase name="fourth test case" classname="bar.baz.foo-test" time="0.011">
      <skipped/>
    </testcase>
    <testcase name="fifth test case" classname="bar.baz.foo-test" time="0.012">
      <skipped/>
    </testcase>
  </testsuite>
  <testsuite name="testsuite-c" timestamp="2020-04-18T20:00:35.000Z" tests="2" time="10.000" errors="1" failures="0" skipped="0">
    <testcase name="first test case" classname="baz.bar.foo-test" time="5.000"/>
    <testcase name="second test case" classname="baz.bar.foo-test" time="5.000">
      <error message="exception!"/>
    </testcase>
  </testsuite>
</testsuites>
